<?xml version="1.0" encoding="UTF-8"?>
<testsuite name="com.example.cfgmocks.CfgMocksApplicationTests" tests="1" skipped="0" failures="0" errors="0" timestamp="2023-02-17T13:40:56" hostname="GBLONLAP0567.local" time="0.152">
  <properties/>
  <testcase name="contextLoads()" classname="com.example.cfgmocks.CfgMocksApplicationTests" time="0.152"/>
  <system-out><![CDATA[13:40:55.585 [Test worker] DEBUG org.springframework.test.context.BootstrapUtils - Instantiating CacheAwareContextLoaderDelegate from class [org.springframework.test.context.cache.DefaultCacheAwareContextLoaderDelegate]
13:40:55.589 [Test worker] DEBUG org.springframework.test.context.BootstrapUtils - Instantiating BootstrapContext using constructor [public org.springframework.test.context.support.DefaultBootstrapContext(java.lang.Class,org.springframework.test.context.CacheAwareContextLoaderDelegate)]
13:40:55.603 [Test worker] DEBUG org.springframework.test.context.BootstrapUtils - Instantiating TestContextBootstrapper for test class [com.example.cfgmocks.CfgMocksApplicationTests] from class [org.springframework.boot.test.context.SpringBootTestContextBootstrapper]
13:40:55.607 [Test worker] INFO org.springframework.boot.test.context.SpringBootTestContextBootstrapper - Neither @ContextConfiguration nor @ContextHierarchy found for test class [com.example.cfgmocks.CfgMocksApplicationTests], using SpringBootContextLoader
13:40:55.609 [Test worker] DEBUG org.springframework.test.context.support.AbstractContextLoader - Did not detect default resource location for test class [com.example.cfgmocks.CfgMocksApplicationTests]: class path resource [com/example/cfgmocks/CfgMocksApplicationTests-context.xml] does not exist
13:40:55.609 [Test worker] DEBUG org.springframework.test.context.support.AbstractContextLoader - Did not detect default resource location for test class [com.example.cfgmocks.CfgMocksApplicationTests]: class path resource [com/example/cfgmocks/CfgMocksApplicationTestsContext.groovy] does not exist
13:40:55.609 [Test worker] INFO org.springframework.test.context.support.AbstractContextLoader - Could not detect default resource locations for test class [com.example.cfgmocks.CfgMocksApplicationTests]: no resource found for suffixes {-context.xml, Context.groovy}.
13:40:55.610 [Test worker] INFO org.springframework.test.context.support.AnnotationConfigContextLoaderUtils - Could not detect default configuration classes for test class [com.example.cfgmocks.CfgMocksApplicationTests]: CfgMocksApplicationTests does not declare any static, non-private, non-final, nested classes annotated with @Configuration.
13:40:55.626 [Test worker] DEBUG org.springframework.test.context.support.ActiveProfilesUtils - Could not find an 'annotation declaring class' for annotation type [org.springframework.test.context.ActiveProfiles] and class [com.example.cfgmocks.CfgMocksApplicationTests]
13:40:55.657 [Test worker] DEBUG org.springframework.context.annotation.ClassPathScanningCandidateComponentProvider - Identified candidate component class: file [/Users/colin.scally/code/projects/cfg-mocks/build/classes/java/main/com/example/cfgmocks/CfgMocksApplication.class]
13:40:55.671 [Test worker] INFO org.springframework.boot.test.context.SpringBootTestContextBootstrapper - Found @SpringBootConfiguration com.example.cfgmocks.CfgMocksApplication for test class com.example.cfgmocks.CfgMocksApplicationTests
13:40:55.712 [Test worker] DEBUG org.springframework.boot.test.context.SpringBootTestContextBootstrapper - @TestExecutionListeners is not present for class [com.example.cfgmocks.CfgMocksApplicationTests]: using defaults.
13:40:55.713 [Test worker] INFO org.springframework.boot.test.context.SpringBootTestContextBootstrapper - Loaded default TestExecutionListener class names from location [META-INF/spring.factories]: [org.springframework.boot.test.autoconfigure.restdocs.RestDocsTestExecutionListener, org.springframework.boot.test.autoconfigure.web.client.MockRestServiceServerResetTestExecutionListener, org.springframework.boot.test.autoconfigure.web.servlet.MockMvcPrintOnlyOnFailureTestExecutionListener, org.springframework.boot.test.autoconfigure.web.servlet.WebDriverTestExecutionListener, org.springframework.boot.test.autoconfigure.webservices.client.MockWebServiceServerTestExecutionListener, org.springframework.boot.test.mock.mockito.MockitoTestExecutionListener, org.springframework.boot.test.mock.mockito.ResetMocksTestExecutionListener, org.springframework.test.context.web.ServletTestExecutionListener, org.springframework.test.context.support.DirtiesContextBeforeModesTestExecutionListener, org.springframework.test.context.event.ApplicationEventsTestExecutionListener, org.springframework.test.context.support.DependencyInjectionTestExecutionListener, org.springframework.test.context.support.DirtiesContextTestExecutionListener, org.springframework.test.context.transaction.TransactionalTestExecutionListener, org.springframework.test.context.jdbc.SqlScriptsTestExecutionListener, org.springframework.test.context.event.EventPublishingTestExecutionListener]
13:40:55.716 [Test worker] DEBUG org.springframework.boot.test.context.SpringBootTestContextBootstrapper - Skipping candidate TestExecutionListener [org.springframework.test.context.web.ServletTestExecutionListener] due to a missing dependency. Specify custom listener classes or make the default listener classes and their required dependencies available. Offending class: [javax/servlet/ServletContext]
13:40:55.717 [Test worker] DEBUG org.springframework.boot.test.context.SpringBootTestContextBootstrapper - Skipping candidate TestExecutionListener [org.springframework.test.context.transaction.TransactionalTestExecutionListener] due to a missing dependency. Specify custom listener classes or make the default listener classes and their required dependencies available. Offending class: [org/springframework/transaction/interceptor/TransactionAttributeSource]
13:40:55.717 [Test worker] DEBUG org.springframework.boot.test.context.SpringBootTestContextBootstrapper - Skipping candidate TestExecutionListener [org.springframework.test.context.jdbc.SqlScriptsTestExecutionListener] due to a missing dependency. Specify custom listener classes or make the default listener classes and their required dependencies available. Offending class: [org/springframework/transaction/interceptor/TransactionAttribute]
13:40:55.717 [Test worker] INFO org.springframework.boot.test.context.SpringBootTestContextBootstrapper - Using TestExecutionListeners: [org.springframework.test.context.support.DirtiesContextBeforeModesTestExecutionListener@56b78e55, org.springframework.test.context.event.ApplicationEventsTestExecutionListener@76318a7d, org.springframework.boot.test.mock.mockito.MockitoTestExecutionListener@2a492f2a, org.springframework.boot.test.autoconfigure.SpringBootDependencyInjectionTestExecutionListener@3277e499, org.springframework.test.context.support.DirtiesContextTestExecutionListener@585811a4, org.springframework.test.context.event.EventPublishingTestExecutionListener@22c01ab0, org.springframework.boot.test.autoconfigure.restdocs.RestDocsTestExecutionListener@411341bd, org.springframework.boot.test.autoconfigure.web.client.MockRestServiceServerResetTestExecutionListener@4c4d362a, org.springframework.boot.test.autoconfigure.web.servlet.MockMvcPrintOnlyOnFailureTestExecutionListener@5400db36, org.springframework.boot.test.autoconfigure.web.servlet.WebDriverTestExecutionListener@76b74e9c, org.springframework.boot.test.autoconfigure.webservices.client.MockWebServiceServerTestExecutionListener@2d72f75e, org.springframework.boot.test.mock.mockito.ResetMocksTestExecutionListener@8ab78bc]
13:40:55.719 [Test worker] DEBUG org.springframework.test.context.support.AbstractDirtiesContextTestExecutionListener - Before test class: context [DefaultTestContext@5dda6f9 testClass = CfgMocksApplicationTests, testInstance = [null], testMethod = [null], testException = [null], mergedContextConfiguration = [MergedContextConfiguration@10027fc9 testClass = CfgMocksApplicationTests, locations = '{}', classes = '{class com.example.cfgmocks.CfgMocksApplication}', contextInitializerClasses = '[]', activeProfiles = '{}', propertySourceLocations = '{}', propertySourceProperties = '{org.springframework.boot.test.context.SpringBootTestContextBootstrapper=true}', contextCustomizers = set[org.springframework.boot.test.autoconfigure.actuate.metrics.MetricsExportContextCustomizerFactory$DisableMetricExportContextCustomizer@5553d0f5, org.springframework.boot.test.autoconfigure.properties.PropertyMappingContextCustomizer@0, org.springframework.boot.test.autoconfigure.web.servlet.WebDriverContextCustomizerFactory$Customizer@4c4748bf, org.springframework.boot.test.context.filter.ExcludeFilterContextCustomizer@32811494, org.springframework.boot.test.json.DuplicateJsonObjectContextCustomizerFactory$DuplicateJsonObjectContextCustomizer@47c4ecdc, org.springframework.boot.test.mock.mockito.MockitoContextCustomizer@0, org.springframework.boot.test.web.client.TestRestTemplateContextCustomizer@62f68dff, org.springframework.boot.test.context.SpringBootTestArgs@1, org.springframework.boot.test.context.SpringBootTestWebEnvironment@38145825], contextLoader = 'org.springframework.boot.test.context.SpringBootContextLoader', parent = [null]], attributes = map[[empty]]], class annotated with @DirtiesContext [false] with mode [null].
13:40:55.724 [Test worker] DEBUG org.springframework.test.context.support.DependencyInjectionTestExecutionListener - Performing dependency injection for test context [[DefaultTestContext@5dda6f9 testClass = CfgMocksApplicationTests, testInstance = com.example.cfgmocks.CfgMocksApplicationTests@37d80fe7, testMethod = [null], testException = [null], mergedContextConfiguration = [MergedContextConfiguration@10027fc9 testClass = CfgMocksApplicationTests, locations = '{}', classes = '{class com.example.cfgmocks.CfgMocksApplication}', contextInitializerClasses = '[]', activeProfiles = '{}', propertySourceLocations = '{}', propertySourceProperties = '{org.springframework.boot.test.context.SpringBootTestContextBootstrapper=true}', contextCustomizers = set[org.springframework.boot.test.autoconfigure.actuate.metrics.MetricsExportContextCustomizerFactory$DisableMetricExportContextCustomizer@5553d0f5, org.springframework.boot.test.autoconfigure.properties.PropertyMappingContextCustomizer@0, org.springframework.boot.test.autoconfigure.web.servlet.WebDriverContextCustomizerFactory$Customizer@4c4748bf, org.springframework.boot.test.context.filter.ExcludeFilterContextCustomizer@32811494, org.springframework.boot.test.json.DuplicateJsonObjectContextCustomizerFactory$DuplicateJsonObjectContextCustomizer@47c4ecdc, org.springframework.boot.test.mock.mockito.MockitoContextCustomizer@0, org.springframework.boot.test.web.client.TestRestTemplateContextCustomizer@62f68dff, org.springframework.boot.test.context.SpringBootTestArgs@1, org.springframework.boot.test.context.SpringBootTestWebEnvironment@38145825], contextLoader = 'org.springframework.boot.test.context.SpringBootContextLoader', parent = [null]], attributes = map['org.springframework.test.context.event.ApplicationEventsTestExecutionListener.recordApplicationEvents' -> false]]].

  .   ____          _            __ _ _
 /\\ / ___'_ __ _ _(_)_ __  __ _ \ \ \ \
( ( )\___ | '_ | '_| | '_ \/ _` | \ \ \ \
 \\/  ___)| |_)| | | | | || (_| |  ) ) ) )
  '  |____| .__|_| |_|_| |_\__, | / / / /
 =========|_|==============|___/=/_/_/_/
 :: Spring Boot ::                (v2.7.8)

2023-02-17 13:40:55.880  INFO 15238 --- [    Test worker] c.e.cfgmocks.CfgMocksApplicationTests    : Starting CfgMocksApplicationTests using Java 11.0.15-preview on GBLONLAP0567.local with PID 15238 (started by colin.scally in /Users/colin.scally/code/projects/cfg-mocks)
2023-02-17 13:40:55.880  INFO 15238 --- [    Test worker] c.e.cfgmocks.CfgMocksApplicationTests    : No active profile set, falling back to 1 default profile: "default"
2023-02-17 13:40:56.159  INFO 15238 --- [    Test worker] c.e.cfgmocks.CfgMocksApplicationTests    : Started CfgMocksApplicationTests in 0.424 seconds (JVM running for 0.996)
]]></system-out>
  <system-err><![CDATA[]]></system-err>
</testsuite>
