<?xml version="1.0" encoding="UTF-8"?>
<testsuite name="com.example.cfgmocks.CreateBundleOrchestratorTest" tests="4" skipped="0" failures="0" errors="0" timestamp="2023-02-17T13:28:22" hostname="GBLONLAP0567.local" time="0.06">
  <properties/>
  <testcase name="createNewBundleWhenTransactionSourceIsNotBackoffice()" classname="com.example.cfgmocks.CreateBundleOrchestratorTest" time="0.057"/>
  <testcase name="test()" classname="com.example.cfgmocks.CreateBundleOrchestratorTest" time="0.001"/>
  <testcase name="test2()" classname="com.example.cfgmocks.CreateBundleOrchestratorTest" time="0.001"/>
  <testcase name="test3()" classname="com.example.cfgmocks.CreateBundleOrchestratorTest" time="0.0"/>
  <system-out><![CDATA[]]></system-out>
  <system-err><![CDATA[]]></system-err>
</testsuite>
