<?xml version="1.0" encoding="UTF-8"?>
<testsuite name="com.example.cfgmocks.CreateBundleOrchestratorTest" tests="1" skipped="0" failures="0" errors="0" timestamp="2023-02-17T14:21:33" hostname="GBLONLAP0567.local" time="0.293">
  <properties/>
  <testcase name="createNewBundleWhenTransactionSourceIsNotBackoffice()" classname="com.example.cfgmocks.CreateBundleOrchestratorTest" time="0.293"/>
  <system-out><![CDATA[]]></system-out>
  <system-err><![CDATA[]]></system-err>
</testsuite>
